c:\home\grpc-bank\bank-gui\x64\debug\bank-gui.pch
c:\home\grpc-bank\bank-gui\x64\debug\vc142.pdb
c:\home\grpc-bank\bank-gui\x64\debug\vc142.idb
c:\home\grpc-bank\bank-gui\x64\debug\pch.obj
c:\home\grpc-bank\bank-gui\x64\debug\bank-guidlg.obj
c:\home\grpc-bank\bank-gui\x64\debug\bank-gui.obj
c:\home\grpc-bank\bank-gui\x64\debug\bank.pb.obj
c:\home\grpc-bank\bank-gui\x64\debug\bank.grpc.pb.obj
c:\home\grpc-bank\bank-gui\x64\debug\container.obj
c:\home\grpc-bank\bank-gui\x64\debug\service.obj
c:\home\grpc-bank\bank-gui\x64\debug\account.obj
c:\home\grpc-bank\bank-gui\x64\debug\bank-gui.ilk
c:\home\grpc-bank\x64\debug\bank-gui.exe
c:\home\grpc-bank\x64\debug\bank-gui.pdb
c:\home\grpc-bank\bank-gui\x64\debug\bankgui.res
c:\home\grpc-bank\bank-gui\x64\debug\bank-gui.tlog\cl.command.1.tlog
c:\home\grpc-bank\bank-gui\x64\debug\bank-gui.tlog\cl.read.1.tlog
c:\home\grpc-bank\bank-gui\x64\debug\bank-gui.tlog\cl.write.1.tlog
c:\home\grpc-bank\bank-gui\x64\debug\bank-gui.tlog\link.command.1.tlog
c:\home\grpc-bank\bank-gui\x64\debug\bank-gui.tlog\link.read.1.tlog
c:\home\grpc-bank\bank-gui\x64\debug\bank-gui.tlog\link.write.1.tlog
c:\home\grpc-bank\bank-gui\x64\debug\bank-gui.tlog\rc.command.1.tlog
c:\home\grpc-bank\bank-gui\x64\debug\bank-gui.tlog\rc.read.1.tlog
c:\home\grpc-bank\bank-gui\x64\debug\bank-gui.tlog\rc.write.1.tlog
